<?xml version="1.0" encoding="UTF-8"?>
<!-- Generated by org.testng.reporters.JUnitXMLReporter -->
<testsuite ignored="0" hostname="DESKTOP-L6II3T4" failures="0" tests="3" name="Default test" time="30.585" errors="0" timestamp="2024-11-30T21:54:31 IST">
  <testcase classname="fbtestcase.fbregtestcase" name="fbregistration" time="10.972"/>
  <testcase classname="fbtestcase.fbregtestcase" name="fbregistration" time="9.501"/>
  <testcase classname="fbtestcase.fbregtestcase" name="fbregistration" time="9.39"/>
</testsuite> <!-- Default test -->
